<?xml version="1.0" encoding="UTF-8"?>
<testng-results skipped="0" failed="0" total="1" passed="1">
  <reporter-output>
  </reporter-output>
  <suite name="Default suite" duration-ms="21" started-at="2016-10-28T00:28:43Z" finished-at="2016-10-28T00:28:43Z">
    <groups>
    </groups>
    <test name="Default test" duration-ms="21" started-at="2016-10-28T00:28:43Z" finished-at="2016-10-28T00:28:43Z">
      <class name="TestNG">
        <test-method status="PASS" signature="beforeClass()[pri:0, instance:TestNG@1e3cd51]" name="beforeClass" is-config="true" duration-ms="9" started-at="2016-10-28T08:28:43Z" finished-at="2016-10-28T08:28:43Z">
          <reporter-output>
          </reporter-output>
        </test-method> <!-- beforeClass -->
        <test-method status="PASS" signature="TestNgLearn()[pri:0, instance:TestNG@1e3cd51]" name="TestNgLearn" duration-ms="4" started-at="2016-10-28T08:28:43Z" finished-at="2016-10-28T08:28:43Z">
          <reporter-output>
          </reporter-output>
        </test-method> <!-- TestNgLearn -->
        <test-method status="PASS" signature="afterClass()[pri:0, instance:TestNG@1e3cd51]" name="afterClass" is-config="true" duration-ms="1" started-at="2016-10-28T08:28:43Z" finished-at="2016-10-28T08:28:43Z">
          <reporter-output>
          </reporter-output>
        </test-method> <!-- afterClass -->
      </class> <!-- TestNG -->
    </test> <!-- Default test -->
  </suite> <!-- Default suite -->
</testng-results>
